<?xml version="1.0" encoding="UTF-8"?>
<!-- Generated by org.testng.reporters.JUnitReportReporter -->
<testsuite skipped="0" hostname="HIA2NO4CSR" name="jenkins.CI" tests="1" failures="0" timestamp="08 Mar 2017 19:10:22 GMT" time="0.020" errors="0">
  <testcase name="run" time="0.020" classname="jenkins.CI"/>
</testsuite> <!-- jenkins.CI -->
