<?xml version="1.0" encoding="UTF-8"?>
<!-- Generated by org.testng.reporters.JUnitReportReporter -->
<testsuite skipped="0" hostname="HIA2NO4CSR" name="jenkins.CI" tests="1" failures="0" timestamp="09 Mar 2017 05:52:56 GMT" time="0.010" errors="0">
  <testcase name="run" time="0.010" classname="jenkins.CI"/>
</testsuite> <!-- jenkins.CI -->
